2025-03-03 22:31:21,211 - db_helper - INFO - fetch_expense_summary called with start: 2024-08-01 end: 2024-08-05
2025-03-03 22:31:48,175 - db_helper - INFO - fetch_expenses_for_date called with 2024-08-21
2025-03-03 22:31:48,254 - db_helper - INFO - fetch_expense_summary called with start: 2024-08-01 end: 2024-08-05
2025-03-04 18:53:57,087 - db_helper - INFO - fetch_expenses_for_date called with 2024-08-21
2025-03-04 18:53:57,529 - db_helper - INFO - fetch_expense_summary called with start: 2024-08-01 end: 2024-08-05
2025-03-04 22:08:28,279 - db_helper - INFO - fetch_expenses_for_date called with 2024-08-01
2025-03-04 22:08:39,195 - db_helper - INFO - fetch_expenses_for_date called with 2024-08-15
2025-03-04 22:10:19,549 - db_helper - INFO - fetch_expenses_for_date called with 2024-08-15
2025-03-04 22:10:47,585 - db_helper - INFO - fetch_expenses_for_date called with 2024-08-15
2025-03-04 22:14:34,913 - db_helper - INFO - fetch_expenses_for_date called with 2024-08-15
2025-03-04 22:16:40,546 - db_helper - INFO - fetch_expenses_for_date called with 2024-08-15
2025-03-04 22:17:16,937 - db_helper - INFO - fetch_expenses_for_date called with 2024-08-15
2025-03-04 22:17:40,513 - db_helper - INFO - fetch_expenses_for_date called with 2024-08-15
2025-03-04 22:18:13,646 - db_helper - INFO - fetch_expenses_for_date called with 2024-08-15
2025-03-04 22:18:26,835 - db_helper - INFO - fetch_expenses_for_date called with 2024-08-15
2025-03-04 22:19:10,190 - db_helper - INFO - fetch_expenses_for_date called with 2024-08-15
2025-03-04 22:19:41,250 - db_helper - INFO - fetch_expenses_for_date called with 2024-08-15
2025-03-04 22:19:53,871 - db_helper - INFO - fetch_expenses_for_date called with 2024-08-15
2025-03-04 22:20:48,399 - db_helper - INFO - fetch_expenses_for_date called with 2024-08-15
2025-03-04 22:22:48,320 - db_helper - INFO - fetch_expenses_for_date called with 2024-08-15
2025-03-04 22:28:17,993 - db_helper - INFO - fetch_expenses_for_date called with 2024-08-15
2025-03-04 22:28:25,494 - db_helper - INFO - fetch_expenses_for_date called with 2024-08-02
2025-03-04 22:29:33,966 - db_helper - INFO - fetch_expenses_for_date called with 2024-08-02
2025-03-04 22:29:54,747 - db_helper - INFO - fetch_expenses_for_date called with 2024-08-02
2025-03-04 22:30:08,967 - db_helper - INFO - fetch_expenses_for_date called with 2024-08-02
2025-03-06 14:34:00,870 - db_helper - INFO - fetch_expense_summary called with start: 2024-08-02 end: 2024-08-06
2025-03-06 14:37:42,433 - db_helper - INFO - fetch_expense_summary called with start: 2024-08-02 end: 2024-08-06
2025-03-06 14:38:37,054 - db_helper - INFO - fetch_expense_summary called with start: 2024-08-02 end: 2024-08-06
2025-03-06 14:38:52,467 - db_helper - INFO - fetch_expense_summary called with start: 2024-08-02 end: 2024-08-06
2025-03-06 14:41:40,990 - db_helper - INFO - fetch_expense_summary called with start: 2024-08-02 end: 2024-08-06
2025-03-06 14:43:13,364 - db_helper - INFO - fetch_expense_summary called with start: 2024-08-01 end: 2024-08-06
2025-03-06 14:52:27,280 - db_helper - INFO - fetch_expenses_for_date called with 2024-08-01
2025-03-06 14:53:19,107 - db_helper - INFO - fetch_expenses_for_date called with 2024-08-01
2025-03-06 14:53:25,999 - db_helper - INFO - fetch_expenses_for_date called with 2024-08-01
2025-03-06 14:56:21,892 - db_helper - INFO - fetch_expenses_for_date called with 2024-08-01
2025-03-06 15:02:23,781 - db_helper - INFO - fetch_expenses_for_date called with 2024-08-01
2025-03-06 15:02:28,166 - db_helper - INFO - fetch_expenses_for_date called with 2024-08-01
2025-03-06 15:03:16,466 - db_helper - INFO - fetch_expenses_for_date called with 2024-08-01
2025-03-06 15:03:19,428 - db_helper - INFO - fetch_expenses_for_date called with 2024-08-01
2025-03-06 15:03:21,572 - db_helper - INFO - fetch_expense_summary called with start: 2024-08-01 end: 2024-08-05
2025-03-06 15:03:37,996 - db_helper - INFO - fetch_expenses_for_date called with 2024-08-01
2025-03-06 15:03:42,732 - db_helper - INFO - fetch_expenses_for_date called with 2024-08-01
2025-03-06 15:03:43,850 - db_helper - INFO - fetch_expenses_for_date called with 2024-08-01
2025-03-06 15:03:45,970 - db_helper - INFO - fetch_expense_summary called with start: 2024-08-01 end: 2024-08-04
2025-03-06 15:03:52,624 - db_helper - INFO - fetch_expenses_for_date called with 2024-08-01
2025-03-06 15:03:53,790 - db_helper - INFO - fetch_expenses_for_date called with 2024-08-01
2025-03-06 15:03:55,929 - db_helper - INFO - fetch_expense_summary called with start: 2024-08-01 end: 2024-08-07
2025-03-06 15:04:03,977 - db_helper - INFO - fetch_expenses_for_date called with 2024-08-01
2025-03-06 15:04:08,553 - db_helper - INFO - fetch_expenses_for_date called with 2024-08-01
2025-03-06 15:04:10,668 - db_helper - INFO - fetch_expense_summary called with start: 2024-08-01 end: 2024-08-10
2025-03-06 15:04:26,724 - db_helper - INFO - fetch_expenses_for_date called with 2024-08-01
2025-03-06 15:04:28,652 - db_helper - INFO - fetch_expenses_for_date called with 2024-08-01
2025-03-06 15:04:30,798 - db_helper - INFO - fetch_expense_summary called with start: 2024-08-01 end: 2024-08-30
2025-03-06 15:04:40,938 - db_helper - INFO - fetch_expenses_for_date called with 2024-08-01
2025-03-06 15:04:42,249 - db_helper - INFO - fetch_expenses_for_date called with 2024-08-01
2025-03-06 15:04:44,384 - db_helper - INFO - fetch_expense_summary called with start: 2024-08-01 end: 2024-08-10
2025-03-06 15:10:29,455 - db_helper - INFO - fetch_expenses_for_date called with 2024-08-01
2025-03-06 15:10:33,766 - db_helper - INFO - fetch_expenses_for_date called with 2024-08-01
2025-03-06 15:10:35,913 - db_helper - INFO - fetch_expense_summary called with start: 2024-08-01 end: 2024-08-10
2025-03-06 15:14:26,439 - db_helper - INFO - fetch_expenses_for_date called with 2024-08-01
2025-03-06 15:14:30,555 - db_helper - INFO - fetch_expenses_for_date called with 2024-08-01
2025-03-06 15:14:32,690 - db_helper - INFO - fetch_expense_summary called with start: 2024-08-01 end: 2024-08-05
2025-03-06 15:15:12,297 - db_helper - INFO - fetch_expenses_for_date called with 2024-08-01
2025-03-06 15:15:17,595 - db_helper - INFO - fetch_expenses_for_date called with 2024-08-01
2025-03-06 15:15:19,736 - db_helper - INFO - fetch_expense_summary called with start: 2024-08-01 end: 2024-08-05
2025-03-06 15:16:50,220 - db_helper - INFO - fetch_expenses_for_date called with 2024-08-01
2025-03-06 15:16:53,659 - db_helper - INFO - fetch_expenses_for_date called with 2024-08-01
2025-03-06 15:16:55,772 - db_helper - INFO - fetch_expense_summary called with start: 2024-08-01 end: 2024-08-05
2025-03-06 15:17:51,002 - db_helper - INFO - fetch_expenses_for_date called with 2024-08-01
2025-03-06 15:18:08,486 - db_helper - INFO - fetch_expenses_for_date called with 2024-08-01
2025-03-06 15:18:12,276 - db_helper - INFO - fetch_expenses_for_date called with 2024-08-01
2025-03-06 15:18:14,397 - db_helper - INFO - fetch_expense_summary called with start: 2024-08-01 end: 2024-08-05
2025-03-06 15:18:44,317 - db_helper - INFO - fetch_expenses_for_date called with 2024-08-01
2025-03-06 15:18:48,354 - db_helper - INFO - fetch_expenses_for_date called with 2024-08-01
2025-03-06 15:18:50,495 - db_helper - INFO - fetch_expense_summary called with start: 2024-08-01 end: 2024-08-05
2025-03-06 15:19:18,220 - db_helper - INFO - fetch_expenses_for_date called with 2024-08-01
2025-03-06 15:19:25,821 - db_helper - INFO - fetch_expenses_for_date called with 2024-08-01
2025-03-06 15:19:26,986 - db_helper - INFO - fetch_expenses_for_date called with 2024-08-01
2025-03-06 15:19:29,100 - db_helper - INFO - fetch_expense_summary called with start: 2024-08-01 end: 2024-08-07
2025-03-06 15:21:44,006 - db_helper - INFO - fetch_expenses_for_date called with 2024-08-01
2025-03-06 15:21:48,450 - db_helper - INFO - fetch_expenses_for_date called with 2024-08-01
2025-03-06 15:21:50,581 - db_helper - INFO - fetch_expense_summary called with start: 2024-08-01 end: 2024-08-07
2025-03-06 15:22:12,487 - db_helper - INFO - fetch_expenses_for_date called with 2024-08-01
2025-03-06 15:22:16,967 - db_helper - INFO - fetch_expenses_for_date called with 2024-08-01
2025-03-06 15:22:19,112 - db_helper - INFO - fetch_expense_summary called with start: 2024-08-01 end: 2024-08-07
2025-03-06 15:23:27,338 - db_helper - INFO - fetch_expenses_for_date called with 2024-08-01
2025-03-06 15:23:31,818 - db_helper - INFO - fetch_expenses_for_date called with 2024-08-01
2025-03-06 15:23:33,948 - db_helper - INFO - fetch_expense_summary called with start: 2024-08-01 end: 2024-08-07
2025-03-06 15:24:43,083 - db_helper - INFO - fetch_expenses_for_date called with 2024-08-01
2025-03-06 15:24:46,614 - db_helper - INFO - fetch_expenses_for_date called with 2024-08-01
2025-03-06 15:24:48,760 - db_helper - INFO - fetch_expense_summary called with start: 2024-08-01 end: 2024-08-07
2025-03-06 15:25:39,502 - db_helper - INFO - fetch_expenses_for_date called with 2024-08-01
2025-03-06 15:25:43,018 - db_helper - INFO - fetch_expenses_for_date called with 2024-08-01
2025-03-06 15:25:45,146 - db_helper - INFO - fetch_expense_summary called with start: 2024-08-01 end: 2024-08-07
2025-03-06 15:26:06,553 - db_helper - INFO - fetch_expenses_for_date called with 2024-08-01
2025-03-06 15:26:14,452 - db_helper - INFO - fetch_expenses_for_date called with 2024-08-01
2025-03-06 15:26:16,542 - db_helper - INFO - fetch_expense_summary called with start: 2024-08-01 end: 2024-08-07
2025-03-06 15:26:47,319 - db_helper - INFO - fetch_expenses_for_date called with 2024-08-21
2025-03-06 15:27:09,458 - db_helper - INFO - fetch_expenses_for_date called with 2024-08-21
2025-03-06 15:27:19,077 - db_helper - INFO - fetch_expenses_for_date called with 2024-08-15
2025-03-06 15:27:32,707 - db_helper - INFO - fetch_expenses_for_date called with 2024-08-21
2025-03-06 15:27:36,711 - db_helper - INFO - fetch_expenses_for_date called with 2024-08-21
2025-03-06 15:27:42,635 - db_helper - INFO - fetch_expenses_for_date called with 2024-08-13
2025-03-06 15:27:52,843 - db_helper - INFO - fetch_expenses_for_date called with 2024-08-13
2025-03-06 15:27:55,214 - db_helper - INFO - fetch_expenses_for_date called with 2024-08-13
2025-03-06 15:27:58,467 - db_helper - INFO - fetch_expenses_for_date called with 2024-08-13
2025-03-06 15:28:00,587 - db_helper - INFO - fetch_expense_summary called with start: 2024-08-21 end: 2024-08-21
2025-03-06 15:34:57,042 - db_helper - INFO - fetch_expenses_for_date called with 2024-08-13
2025-03-06 17:30:34,374 - db_helper - INFO - fetch_expenses_for_date called with 2024-08-13
2025-03-06 17:55:11,776 - db_helper - INFO - fetch_expenses_for_date called with 2024-08-13
2025-03-06 18:56:52,255 - db_helper - INFO - fetch_expenses_for_date called with 2024-08-13
2025-03-06 19:55:07,996 - db_helper - INFO - fetch_expenses_for_date called with 2024-08-13
2025-03-06 21:52:34,367 - db_helper - INFO - fetch_expenses_for_date called with 2024-08-13
2025-03-06 22:34:58,708 - db_helper - INFO - fetch_expenses_for_date called with 2024-08-01
2025-03-06 22:42:07,731 - db_helper - INFO - insert_expense called with date: 2024-10-20,amount: 300,category Food,notes: Biryani
2025-03-06 22:42:07,899 - db_helper - INFO - fetch_expenses_for_date called with 2024-08-21
2025-03-06 22:42:07,911 - db_helper - INFO - fetch_expense_summary called with start: 2024-08-01 end: 2024-08-05
2025-03-06 22:46:50,346 - db_helper - INFO - fetch_expense_by_month
2025-03-06 22:49:53,176 - db_helper - INFO - fetch_expense_by_month
2025-03-06 22:51:24,854 - db_helper - INFO - fetch_expense_by_month
2025-03-06 22:54:01,698 - db_helper - INFO - fetch_expense_by_month
2025-03-06 22:54:04,493 - db_helper - INFO - fetch_expense_by_month
2025-03-06 22:54:06,718 - db_helper - INFO - fetch_expense_by_month
2025-03-06 22:54:34,784 - db_helper - INFO - fetch_expense_by_month
2025-03-06 22:54:40,006 - db_helper - INFO - fetch_expense_by_month
2025-03-06 22:57:15,042 - db_helper - INFO - fetch_expense_by_month
2025-03-06 22:57:42,194 - db_helper - INFO - fetch_expense_by_month
2025-03-06 23:00:06,026 - db_helper - INFO - fetch_expenses_for_date called with 2024-08-01
2025-03-06 23:00:29,487 - db_helper - INFO - fetch_expenses_for_date called with 2024-08-01
2025-03-06 23:00:33,296 - db_helper - INFO - fetch_expenses_for_date called with 2024-08-01
2025-03-06 23:00:35,436 - db_helper - INFO - fetch_expense_by_month
2025-03-06 23:01:00,793 - db_helper - INFO - fetch_expenses_for_date called with 2024-08-01
2025-03-06 23:01:04,610 - db_helper - INFO - fetch_expenses_for_date called with 2024-08-01
2025-03-06 23:01:06,746 - db_helper - INFO - fetch_expense_by_month
2025-03-06 23:03:12,330 - db_helper - INFO - fetch_expenses_for_date called with 2024-08-01
2025-03-06 23:03:15,568 - db_helper - INFO - fetch_expenses_for_date called with 2024-08-01
2025-03-06 23:03:17,688 - db_helper - INFO - fetch_expense_by_month
2025-03-06 23:03:41,405 - db_helper - INFO - fetch_expenses_for_date called with 2024-08-01
2025-03-06 23:03:45,722 - db_helper - INFO - fetch_expenses_for_date called with 2024-08-01
2025-03-06 23:03:47,833 - db_helper - INFO - fetch_expense_by_month
2025-03-06 23:04:35,099 - db_helper - INFO - fetch_expenses_for_date called with 2024-08-01
2025-03-06 23:04:39,004 - db_helper - INFO - fetch_expenses_for_date called with 2024-08-01
2025-03-06 23:04:41,105 - db_helper - INFO - fetch_expense_by_month
2025-03-06 23:05:01,247 - db_helper - INFO - fetch_expenses_for_date called with 2024-08-01
2025-03-06 23:05:05,017 - db_helper - INFO - fetch_expenses_for_date called with 2024-08-01
2025-03-06 23:05:07,148 - db_helper - INFO - fetch_expense_by_month
2025-03-06 23:06:37,619 - db_helper - INFO - fetch_expenses_for_date called with 2024-08-01
2025-03-06 23:06:41,436 - db_helper - INFO - fetch_expenses_for_date called with 2024-08-01
2025-03-06 23:06:43,600 - db_helper - INFO - fetch_expense_by_month
2025-03-06 23:07:47,408 - db_helper - INFO - fetch_expenses_for_date called with 2024-08-01
2025-03-06 23:07:51,507 - db_helper - INFO - fetch_expenses_for_date called with 2024-08-01
2025-03-06 23:07:53,657 - db_helper - INFO - fetch_expense_by_month
2025-03-06 23:08:58,485 - db_helper - INFO - fetch_expenses_for_date called with 2024-08-01
2025-03-06 23:09:01,924 - db_helper - INFO - fetch_expenses_for_date called with 2024-08-01
2025-03-06 23:09:04,077 - db_helper - INFO - fetch_expense_by_month
2025-03-06 23:09:57,165 - db_helper - INFO - fetch_expenses_for_date called with 2024-08-01
2025-03-06 23:10:00,944 - db_helper - INFO - fetch_expenses_for_date called with 2024-08-01
2025-03-06 23:10:03,065 - db_helper - INFO - fetch_expense_by_month
2025-03-06 23:11:43,557 - db_helper - INFO - fetch_expenses_for_date called with 2024-08-01
2025-03-06 23:11:46,928 - db_helper - INFO - fetch_expenses_for_date called with 2024-08-01
2025-03-06 23:11:49,066 - db_helper - INFO - fetch_expense_by_month
2025-03-06 23:13:38,230 - db_helper - INFO - fetch_expenses_for_date called with 2024-08-01
2025-03-06 23:13:41,942 - db_helper - INFO - fetch_expenses_for_date called with 2024-08-01
2025-03-06 23:13:44,056 - db_helper - INFO - fetch_expense_by_month
2025-03-06 23:17:10,339 - db_helper - INFO - fetch_expenses_for_date called with 2024-08-01
2025-03-06 23:17:14,919 - db_helper - INFO - fetch_expenses_for_date called with 2024-08-01
2025-03-06 23:17:17,068 - db_helper - INFO - fetch_expense_by_month
2025-03-06 23:17:55,279 - db_helper - INFO - fetch_expenses_for_date called with 2024-08-01
2025-03-06 23:17:58,653 - db_helper - INFO - fetch_expenses_for_date called with 2024-08-01
2025-03-06 23:18:00,802 - db_helper - INFO - fetch_expense_by_month
2025-03-09 13:18:54,151 - db_helper - INFO - fetch_expenses_for_date called with 2024-08-01
2025-03-09 13:24:46,205 - db_helper - INFO - fetch_expenses_for_date called with 2024-08-01
2025-03-09 13:25:08,003 - db_helper - INFO - fetch_expenses_for_date called with 2024-08-01
2025-03-09 13:25:13,819 - db_helper - INFO - fetch_expenses_for_date called with 2024-08-07
2025-03-09 13:33:15,069 - db_helper - INFO - fetch_expenses_for_date called with 2024-08-07
2025-03-09 13:41:01,713 - db_helper - INFO - fetch_expenses_for_date called with 2024-08-07
2025-03-09 13:41:10,432 - db_helper - INFO - fetch_expenses_for_date called with 2024-08-01
2025-03-09 13:41:14,286 - db_helper - INFO - fetch_expenses_for_date called with 2024-08-01
2025-03-09 13:41:16,411 - db_helper - INFO - delete_expenses_for_date called with date2024-08-01
2025-03-09 13:41:16,494 - db_helper - INFO - insert_expense called with date: 2024-08-01,amount: 0.0,category Food,notes: 
2025-03-09 13:41:18,622 - db_helper - INFO - fetch_expenses_for_date called with 2024-08-01
2025-03-09 13:42:35,460 - db_helper - INFO - fetch_expenses_for_date called with 2024-08-01
2025-03-09 13:43:13,380 - db_helper - INFO - fetch_expenses_for_date called with 2024-08-01
2025-03-09 13:43:15,483 - db_helper - INFO - delete_expenses_for_date called with date2024-08-01
2025-03-09 13:43:15,505 - db_helper - INFO - insert_expense called with date: 2024-08-01,amount: 200.0,category Shopping,notes: Bought new dress
2025-03-09 13:43:15,523 - db_helper - INFO - insert_expense called with date: 2024-08-01,amount: 1000.0,category Rent,notes: Paid House rent
2025-03-09 13:43:15,540 - db_helper - INFO - insert_expense called with date: 2024-08-01,amount: 0.0,category Food,notes: 
2025-03-09 13:43:15,561 - db_helper - INFO - insert_expense called with date: 2024-08-01,amount: 0.0,category Food,notes: 
2025-03-09 13:43:15,578 - db_helper - INFO - insert_expense called with date: 2024-08-01,amount: 0.0,category Food,notes: 
2025-03-09 13:43:15,596 - db_helper - INFO - insert_expense called with date: 2024-08-01,amount: 0.0,category Food,notes: 
2025-03-09 13:43:15,613 - db_helper - INFO - insert_expense called with date: 2024-08-01,amount: 0.0,category Food,notes: 
2025-03-09 13:43:17,751 - db_helper - INFO - fetch_expenses_for_date called with 2024-08-01
2025-03-09 13:44:31,161 - db_helper - INFO - fetch_expenses_for_date called with 2024-08-02
2025-03-09 13:45:16,921 - db_helper - INFO - fetch_expenses_for_date called with 2024-08-02
2025-03-09 13:45:19,046 - db_helper - INFO - delete_expenses_for_date called with date2024-08-02
2025-03-09 13:45:19,070 - db_helper - INFO - insert_expense called with date: 2024-08-02,amount: 50.0,category Entertainment,notes: Movie tickets
2025-03-09 13:45:19,087 - db_helper - INFO - insert_expense called with date: 2024-08-02,amount: 150.0,category Shopping,notes: New shoes
2025-03-09 13:45:19,101 - db_helper - INFO - insert_expense called with date: 2024-08-02,amount: 400.0,category Food,notes: Groceries for the week
2025-03-09 13:45:19,120 - db_helper - INFO - insert_expense called with date: 2024-08-02,amount: 80.0,category Entertainment,notes: Concert tickets
2025-03-09 13:45:19,135 - db_helper - INFO - insert_expense called with date: 2024-08-02,amount: 100.0,category Shopping,notes: Clothes
2025-03-09 13:45:19,150 - db_helper - INFO - insert_expense called with date: 2024-08-02,amount: 50.0,category Other,notes: Gasoline
2025-03-09 13:45:19,172 - db_helper - INFO - insert_expense called with date: 2024-08-02,amount: 20.0,category Food,notes: Restuarant
2025-03-09 13:45:21,313 - db_helper - INFO - fetch_expenses_for_date called with 2024-08-02
2025-03-09 13:46:32,308 - db_helper - INFO - fetch_expenses_for_date called with 2024-08-02
2025-03-09 13:46:37,065 - db_helper - INFO - fetch_expenses_for_date called with 2024-08-01
2025-03-09 13:46:43,318 - db_helper - INFO - fetch_expenses_for_date called with 2024-08-01
2025-03-09 13:46:45,416 - db_helper - INFO - delete_expenses_for_date called with date2024-08-01
2025-03-09 13:46:45,447 - db_helper - INFO - insert_expense called with date: 2024-08-01,amount: 200.0,category Shopping,notes: Bought new dress
2025-03-09 13:46:45,472 - db_helper - INFO - insert_expense called with date: 2024-08-01,amount: 1000.0,category Rent,notes: Paid House rent
2025-03-09 13:46:47,651 - db_helper - INFO - fetch_expenses_for_date called with 2024-08-01
2025-03-09 13:47:05,733 - db_helper - INFO - fetch_expenses_for_date called with 2024-08-07
2025-03-09 13:47:50,200 - db_helper - INFO - fetch_expenses_for_date called with 2024-08-15
2025-03-09 13:48:07,584 - db_helper - INFO - fetch_expenses_for_date called with 2024-08-15
2025-03-09 13:48:09,688 - db_helper - INFO - delete_expenses_for_date called with date2024-08-15
2025-03-09 13:48:09,707 - db_helper - INFO - insert_expense called with date: 2024-08-15,amount: 10.0,category Shopping,notes: Bought potatoes
2025-03-09 13:48:09,724 - db_helper - INFO - insert_expense called with date: 2024-08-15,amount: 500.0,category Food,notes: Bought Sweets
2025-03-09 13:48:11,835 - db_helper - INFO - fetch_expenses_for_date called with 2024-08-15
2025-03-09 14:01:38,932 - db_helper - INFO - fetch_expenses_for_date called with 2024-08-15
2025-03-09 14:01:46,461 - db_helper - INFO - fetch_expenses_for_date called with 2024-08-30
2025-03-09 14:02:00,567 - db_helper - INFO - fetch_expenses_for_date called with 2024-10-23
2025-03-09 14:02:17,650 - db_helper - INFO - fetch_expenses_for_date called with 2024-10-23
2025-03-09 14:02:23,447 - db_helper - INFO - fetch_expenses_for_date called with 2024-11-20
2025-03-09 14:02:59,984 - db_helper - INFO - fetch_expenses_for_date called with 2024-10-23
2025-03-09 14:03:04,371 - db_helper - INFO - fetch_expenses_for_date called with 2024-10-23
2025-03-09 14:03:06,474 - db_helper - INFO - delete_expenses_for_date called with date2024-10-23
2025-03-09 14:03:06,484 - db_helper - INFO - insert_expense called with date: 2024-10-23,amount: 2500.0,category Rent,notes: Paid house rent
2025-03-09 14:03:08,589 - db_helper - INFO - fetch_expenses_for_date called with 2024-10-23
2025-03-09 14:03:10,161 - db_helper - INFO - delete_expenses_for_date called with date2024-10-23
2025-03-09 14:03:10,182 - db_helper - INFO - insert_expense called with date: 2024-10-23,amount: 2500.0,category Rent,notes: Paid house rent
2025-03-09 14:03:29,976 - db_helper - INFO - fetch_expenses_for_date called with 2024-11-21
2025-03-09 14:03:47,272 - db_helper - INFO - fetch_expenses_for_date called with 2024-11-21
2025-03-09 14:03:49,375 - db_helper - INFO - delete_expenses_for_date called with date2024-11-21
2025-03-09 14:03:49,387 - db_helper - INFO - insert_expense called with date: 2024-11-21,amount: 5000.0,category Other,notes: Went on vacation
2025-03-09 14:03:51,504 - db_helper - INFO - fetch_expenses_for_date called with 2024-11-21
2025-03-09 14:04:16,391 - db_helper - INFO - fetch_expenses_for_date called with 2024-11-21
2025-03-09 14:04:18,485 - db_helper - INFO - fetch_expense_by_month
2025-03-09 14:15:17,864 - db_helper - INFO - fetch_expenses_for_date called with 2024-11-21
2025-03-09 14:15:21,635 - db_helper - INFO - fetch_expenses_for_date called with 2024-11-21
2025-03-09 14:15:23,735 - db_helper - INFO - fetch_expense_by_month
2025-03-09 14:19:34,555 - db_helper - INFO - fetch_expenses_for_date called with 2024-11-21
2025-03-09 14:19:40,387 - db_helper - INFO - fetch_expenses_for_date called with 2024-11-21
2025-03-09 14:19:42,504 - db_helper - INFO - fetch_expense_by_month
2025-03-09 14:37:18,304 - db_helper - INFO - fetch_expenses_for_date called with 2024-11-21
2025-03-09 14:49:56,345 - db_helper - INFO - fetch_expenses_for_date called with 2024-11-21
2025-03-09 15:15:11,934 - db_helper - INFO - fetch_expenses_for_date called with 2024-08-01
2025-03-09 15:17:45,774 - db_helper - INFO - fetch_expenses_for_date called with 2024-08-01
